<?xml version="1.0" encoding="UTF-8"?>
<!-- Generated by org.testng.reporters.JUnitXMLReporter -->
<testsuite hostname="DELL-PC" name="Testch" tests="5" failures="0" timestamp="19 Aug 2017 10:41:52 GMT" time="66.962" errors="0">
  <testcase name="invalidLogin" time="5.151" classname="projectScripts.Script_Login"/>
  <testcase name="invalidLogin" time="4.362" classname="projectScripts.Script_Login"/>
  <testcase name="validLogin" time="5.018" classname="projectScripts.Script_Login"/>
  <testcase name="invalidSearch" time="0.694" classname="projectScripts.Script_Search"/>
  <testcase name="validSearch" time="2.199" classname="projectScripts.Script_Search"/>
</testsuite> <!-- Testch -->
