<?xml version="1.0" encoding="UTF-8"?>
<!-- Generated by org.testng.reporters.JUnitXMLReporter -->
<testsuite hostname="DELL-PC" name="Testie" tests="5" failures="0" timestamp="19 Aug 2017 10:42:27 GMT" time="35.853" errors="0">
  <testcase name="invalidLogin" time="3.279" classname="projectScripts.Script_Login"/>
  <testcase name="invalidLogin" time="2.683" classname="projectScripts.Script_Login"/>
  <testcase name="validLogin" time="4.173" classname="projectScripts.Script_Login"/>
  <testcase name="invalidSearch" time="1.148" classname="projectScripts.Script_Search"/>
  <testcase name="validSearch" time="2.785" classname="projectScripts.Script_Search"/>
</testsuite> <!-- Testie -->
