<?xml version="1.0" encoding="UTF-8"?>
<!-- Generated by org.testng.reporters.JUnitXMLReporter -->
<testsuite hostname="DELL-PC" name="Testff" tests="4" failures="0" timestamp="19 Aug 2017 11:01:14 GMT" time="45.052" errors="0">
  <testcase name="invalidLogin" time="3.46" classname="projectScripts.Script_Login"/>
  <testcase name="invalidLogin" time="2.327" classname="projectScripts.Script_Login"/>
  <testcase name="validLogin" time="5.163" classname="projectScripts.Script_Login"/>
  <testcase name="validSearch" time="4.499" classname="projectScripts.Script_Search"/>
</testsuite> <!-- Testff -->
