<?xml version="1.0" encoding="UTF-8"?>
<testng-results skipped="5" failed="0" total="5" passed="0">
  <reporter-output>
  </reporter-output>
  <suite name="Suite" duration-ms="6375" started-at="2017-08-19T17:12:55Z" finished-at="2017-08-19T17:13:01Z">
    <groups>
      <group name="qa">
        <method signature="projectScripts.Script_Login.invalidLogin(java.util.Map)" name="invalidLogin" class="projectScripts.Script_Login"/>
        <method signature="projectScripts.Script_Login.validLogin(java.util.Map)" name="validLogin" class="projectScripts.Script_Login"/>
        <method signature="projectScripts.Script_Search.validSearch(java.util.Map)" name="validSearch" class="projectScripts.Script_Search"/>
      </group>
      <group name="prod">
        <method signature="projectScripts.Script_Login.validLogin(java.util.Map)" name="validLogin" class="projectScripts.Script_Login"/>
        <method signature="projectScripts.Script_Search.invalidSearch(java.util.Map)" name="invalidSearch" class="projectScripts.Script_Search"/>
      </group>
      <group name="uat">
        <method signature="projectScripts.Script_Login.invalidLogin(java.util.Map)" name="invalidLogin" class="projectScripts.Script_Login"/>
        <method signature="projectScripts.Script_Login.validLogin(java.util.Map)" name="validLogin" class="projectScripts.Script_Login"/>
      </group>
    </groups>
    <test name="Testie" duration-ms="6375" started-at="2017-08-19T17:12:55Z" finished-at="2017-08-19T17:13:01Z">
      <class name="projectScripts.Script_Search">
        <test-method status="PASS" signature="intitalSetup()" name="intitalSetup" is-config="true" duration-ms="265" started-at="2017-08-19T17:12:54Z" finished-at="2017-08-19T17:12:55Z">
        </test-method>
        <test-method status="SKIP" signature="invalidSearch(java.util.Map)" name="invalidSearch" duration-ms="0" started-at="2017-08-19T17:13:01Z" finished-at="2017-08-19T17:13:01Z">
          <params>
            <param index="0">
              <value>
                <![CDATA[{Order=1.0, Execute=Y, Message=Sorry..'abcdf' does not match any product on Rediff Books., ScriptName=invalidSearch, Searchoption=abcdf, ID=GB_08}]]>
              </value>
            </param>
          </params>
        </test-method>
        <test-method status="SKIP" signature="launch_App()" name="launch_App" is-config="true" duration-ms="0" started-at="2017-08-19T17:13:01Z" finished-at="2017-08-19T17:13:01Z">
        </test-method>
        <test-method status="SKIP" signature="teardown(org.testng.ITestResult)" name="teardown" is-config="true" duration-ms="0" started-at="2017-08-19T17:13:01Z" finished-at="2017-08-19T17:13:01Z">
        </test-method>
        <test-method status="SKIP" signature="validSearch(java.util.Map)" name="validSearch" duration-ms="0" started-at="2017-08-19T17:13:01Z" finished-at="2017-08-19T17:13:01Z">
          <params>
            <param index="0">
              <value>
                <![CDATA[{Order=1.0, Execute=Y, Message=45.0, ScriptName=validateSearchcount, Searchoption=Ways, ID=GB_09}]]>
              </value>
            </param>
          </params>
        </test-method>
        <test-method status="SKIP" signature="launch_App()" name="launch_App" is-config="true" duration-ms="0" started-at="2017-08-19T17:13:01Z" finished-at="2017-08-19T17:13:01Z">
        </test-method>
        <test-method status="SKIP" signature="teardown(org.testng.ITestResult)" name="teardown" is-config="true" duration-ms="0" started-at="2017-08-19T17:13:01Z" finished-at="2017-08-19T17:13:01Z">
        </test-method>
      </class>
      <class name="projectScripts.Script_Login">
        <test-method status="FAIL" signature="launch_App()" name="launch_App" is-config="true" duration-ms="0" started-at="2017-08-19T17:12:55Z" finished-at="2017-08-19T17:12:55Z">
          <exception class="java.io.FileNotFoundException">
            <message>
              <![CDATA[E:\Jan\AugustFramework\src\test\resources\Config.properties (The system cannot find the file specified)]]>
            </message>
            <full-stacktrace>
              <![CDATA[java.io.FileNotFoundException: E:\Jan\AugustFramework\src\test\resources\Config.properties (The system cannot find the file specified)
	at java.io.FileInputStream.open0(Native Method)
	at java.io.FileInputStream.open(FileInputStream.java:195)
	at java.io.FileInputStream.<init>(FileInputStream.java:138)
	at java.io.FileInputStream.<init>(FileInputStream.java:93)
	at genericLibrary.utility.getpropertyval(utility.java:21)
	at genericLibrary.Base.launch_App(Base.java:81)
	at sun.reflect.NativeMethodAccessorImpl.invoke0(Native Method)
	at sun.reflect.NativeMethodAccessorImpl.invoke(NativeMethodAccessorImpl.java:62)
	at sun.reflect.DelegatingMethodAccessorImpl.invoke(DelegatingMethodAccessorImpl.java:43)
	at java.lang.reflect.Method.invoke(Method.java:498)
	at org.testng.internal.MethodInvocationHelper.invokeMethod(MethodInvocationHelper.java:80)
	at org.testng.internal.Invoker.invokeConfigurationMethod(Invoker.java:525)
	at org.testng.internal.Invoker.invokeConfigurations(Invoker.java:202)
	at org.testng.internal.Invoker.invokeMethod(Invoker.java:613)
	at org.testng.internal.Invoker.invokeTestMethod(Invoker.java:842)
	at org.testng.internal.Invoker.invokeTestMethods(Invoker.java:1166)
	at org.testng.internal.TestMethodWorker.invokeTestMethods(TestMethodWorker.java:125)
	at org.testng.internal.TestMethodWorker.run(TestMethodWorker.java:109)
	at org.testng.TestRunner.runWorkers(TestRunner.java:1178)
	at org.testng.TestRunner.privateRun(TestRunner.java:757)
	at org.testng.TestRunner.run(TestRunner.java:608)
	at org.testng.SuiteRunner.runTest(SuiteRunner.java:334)
	at org.testng.SuiteRunner.runSequentially(SuiteRunner.java:329)
	at org.testng.SuiteRunner.privateRun(SuiteRunner.java:291)
	at org.testng.SuiteRunner.run(SuiteRunner.java:240)
	at org.testng.SuiteRunnerWorker.runSuite(SuiteRunnerWorker.java:52)
	at org.testng.SuiteRunnerWorker.run(SuiteRunnerWorker.java:86)
	at org.testng.TestNG.runSuitesSequentially(TestNG.java:1158)
	at org.testng.TestNG.runSuitesLocally(TestNG.java:1083)
	at org.testng.TestNG.run(TestNG.java:999)
	at org.testng.TestNG.privateMain(TestNG.java:1301)
	at org.testng.TestNG.main(TestNG.java:1265)
]]>
            </full-stacktrace>
          </exception>
        </test-method>
        <test-method status="SKIP" signature="invalidLogin(java.util.Map)" name="invalidLogin" duration-ms="0" started-at="2017-08-19T17:13:01Z" finished-at="2017-08-19T17:13:01Z">
          <params>
            <param index="0">
              <value>
                <![CDATA[{Order=1.0, Execute=y, Message=Sorry we were unable to complete this step because :, Username=dksjhf, ScriptName=invalidLogin, ID=GB_01, Password=learn123}]]>
              </value>
            </param>
          </params>
        </test-method>
        <test-method status="SKIP" signature="teardown(org.testng.ITestResult)" name="teardown" is-config="true" duration-ms="0" started-at="2017-08-19T17:13:01Z" finished-at="2017-08-19T17:13:01Z">
        </test-method>
        <test-method status="SKIP" signature="launch_App()" name="launch_App" is-config="true" duration-ms="0" started-at="2017-08-19T17:13:01Z" finished-at="2017-08-19T17:13:01Z">
        </test-method>
        <test-method status="SKIP" signature="teardown(org.testng.ITestResult)" name="teardown" is-config="true" duration-ms="0" started-at="2017-08-19T17:13:01Z" finished-at="2017-08-19T17:13:01Z">
        </test-method>
        <test-method status="SKIP" signature="invalidLogin(java.util.Map)" name="invalidLogin" duration-ms="0" started-at="2017-08-19T17:13:01Z" finished-at="2017-08-19T17:13:01Z">
          <params>
            <param index="0">
              <value>
                <![CDATA[{Order=1.0, Execute=y, Message=Sorry we were unable to complete this step because :, Username=, ScriptName=invalidLogin, ID=GB_06, Password=}]]>
              </value>
            </param>
          </params>
        </test-method>
        <test-method status="SKIP" signature="launch_App()" name="launch_App" is-config="true" duration-ms="0" started-at="2017-08-19T17:13:01Z" finished-at="2017-08-19T17:13:01Z">
        </test-method>
        <test-method status="SKIP" signature="teardown(org.testng.ITestResult)" name="teardown" is-config="true" duration-ms="0" started-at="2017-08-19T17:13:01Z" finished-at="2017-08-19T17:13:01Z">
        </test-method>
        <test-method status="SKIP" signature="validLogin(java.util.Map)" name="validLogin" duration-ms="0" started-at="2017-08-19T17:13:01Z" finished-at="2017-08-19T17:13:01Z">
          <params>
            <param index="0">
              <value>
                <![CDATA[{Order=1.0, Execute=y, Message=Hi qtpworld2008 g, Username=qtpworld2008@gmail.com, ScriptName=validLogin, ID=GB_07, Password=learn123}]]>
              </value>
            </param>
          </params>
        </test-method>
      </class>
    </test>
  </suite>
</testng-results>
